0 info it worked if it ends with ok
1 verbose cli [ '/usr/local/Cellar/node/6.8.0/bin/node',
1 verbose cli   '/usr/local/bin/npm',
1 verbose cli   'run',
1 verbose cli   'build' ]
2 info using npm@3.10.8
3 info using node@v6.8.0
4 verbose run-script [ 'prebuild', 'build', 'postbuild' ]
5 info lifecycle the.js@0.1.2~prebuild: the.js@0.1.2
6 silly lifecycle the.js@0.1.2~prebuild: no script for prebuild, continuing
7 info lifecycle the.js@0.1.2~build: the.js@0.1.2
8 verbose lifecycle the.js@0.1.2~build: unsafe-perm in lifecycle true
9 verbose lifecycle the.js@0.1.2~build: PATH: /usr/local/lib/node_modules/npm/bin/node-gyp-bin:/Users/antoncho/Projekte/js/the.js/node_modules/.bin:/usr/local/Cellar/node/6.8.0/bin:/usr/local/bin:/usr/bin:/bin:/usr/sbin:/sbin:/opt/X11/bin:/usr/local/git/bin
10 verbose lifecycle the.js@0.1.2~build: CWD: /Users/antoncho/Projekte/js/the.js
11 silly lifecycle the.js@0.1.2~build: Args: [ '-c',
11 silly lifecycle   'npm run version-bump-patch && npm run reset-dist && npm run uglify && npm test' ]
12 silly lifecycle the.js@0.1.2~build: Returned: code: 1  signal: null
13 info lifecycle the.js@0.1.2~build: Failed to exec build script
14 verbose stack Error: the.js@0.1.2 build: `npm run version-bump-patch && npm run reset-dist && npm run uglify && npm test`
14 verbose stack Exit status 1
14 verbose stack     at EventEmitter.<anonymous> (/usr/local/lib/node_modules/npm/lib/utils/lifecycle.js:255:16)
14 verbose stack     at emitTwo (events.js:106:13)
14 verbose stack     at EventEmitter.emit (events.js:191:7)
14 verbose stack     at ChildProcess.<anonymous> (/usr/local/lib/node_modules/npm/lib/utils/spawn.js:40:14)
14 verbose stack     at emitTwo (events.js:106:13)
14 verbose stack     at ChildProcess.emit (events.js:191:7)
14 verbose stack     at maybeClose (internal/child_process.js:877:16)
14 verbose stack     at Process.ChildProcess._handle.onexit (internal/child_process.js:226:5)
15 verbose pkgid the.js@0.1.2
16 verbose cwd /Users/antoncho/Projekte/js/the.js/src
17 error Darwin 15.6.0
18 error argv "/usr/local/Cellar/node/6.8.0/bin/node" "/usr/local/bin/npm" "run" "build"
19 error node v6.8.0
20 error npm  v3.10.8
21 error code ELIFECYCLE
22 error the.js@0.1.2 build: `npm run version-bump-patch && npm run reset-dist && npm run uglify && npm test`
22 error Exit status 1
23 error Failed at the the.js@0.1.2 build script 'npm run version-bump-patch && npm run reset-dist && npm run uglify && npm test'.
23 error Make sure you have the latest version of node.js and npm installed.
23 error If you do, this is most likely a problem with the the.js package,
23 error not with npm itself.
23 error Tell the author that this fails on your system:
23 error     npm run version-bump-patch && npm run reset-dist && npm run uglify && npm test
23 error You can get information on how to open an issue for this project with:
23 error     npm bugs the.js
23 error Or if that isn't available, you can get their info via:
23 error     npm owner ls the.js
23 error There is likely additional logging output above.
24 verbose exit [ 1, true ]
